
fw.elf:     file format elf32-avr


Disassembly of section .text:

00000000 <__vectors>:
   0:	0c 94 50 00 	jmp	0xa0	; 0xa0 <__ctors_end>
   4:	0c 94 5a 00 	jmp	0xb4	; 0xb4 <__bad_interrupt>
   8:	0c 94 5a 00 	jmp	0xb4	; 0xb4 <__bad_interrupt>
   c:	0c 94 5a 00 	jmp	0xb4	; 0xb4 <__bad_interrupt>
  10:	0c 94 5a 00 	jmp	0xb4	; 0xb4 <__bad_interrupt>
  14:	0c 94 5a 00 	jmp	0xb4	; 0xb4 <__bad_interrupt>
  18:	0c 94 5a 00 	jmp	0xb4	; 0xb4 <__bad_interrupt>
  1c:	0c 94 5a 00 	jmp	0xb4	; 0xb4 <__bad_interrupt>
  20:	0c 94 5a 00 	jmp	0xb4	; 0xb4 <__bad_interrupt>
  24:	0c 94 5a 00 	jmp	0xb4	; 0xb4 <__bad_interrupt>
  28:	0c 94 5a 00 	jmp	0xb4	; 0xb4 <__bad_interrupt>
  2c:	0c 94 5a 00 	jmp	0xb4	; 0xb4 <__bad_interrupt>
  30:	0c 94 5a 00 	jmp	0xb4	; 0xb4 <__bad_interrupt>
  34:	0c 94 5a 00 	jmp	0xb4	; 0xb4 <__bad_interrupt>
  38:	0c 94 5a 00 	jmp	0xb4	; 0xb4 <__bad_interrupt>
  3c:	0c 94 5a 00 	jmp	0xb4	; 0xb4 <__bad_interrupt>
  40:	0c 94 5a 00 	jmp	0xb4	; 0xb4 <__bad_interrupt>
  44:	0c 94 5a 00 	jmp	0xb4	; 0xb4 <__bad_interrupt>
  48:	0c 94 5a 00 	jmp	0xb4	; 0xb4 <__bad_interrupt>
  4c:	0c 94 5a 00 	jmp	0xb4	; 0xb4 <__bad_interrupt>
  50:	0c 94 5a 00 	jmp	0xb4	; 0xb4 <__bad_interrupt>
  54:	0c 94 5a 00 	jmp	0xb4	; 0xb4 <__bad_interrupt>
  58:	0c 94 5c 00 	jmp	0xb8	; 0xb8 <__vector_22>
  5c:	0c 94 5a 00 	jmp	0xb4	; 0xb4 <__bad_interrupt>
  60:	0c 94 5a 00 	jmp	0xb4	; 0xb4 <__bad_interrupt>
  64:	0c 94 5a 00 	jmp	0xb4	; 0xb4 <__bad_interrupt>
  68:	0c 94 5a 00 	jmp	0xb4	; 0xb4 <__bad_interrupt>
  6c:	0c 94 5a 00 	jmp	0xb4	; 0xb4 <__bad_interrupt>
  70:	0c 94 5a 00 	jmp	0xb4	; 0xb4 <__bad_interrupt>
  74:	0c 94 5a 00 	jmp	0xb4	; 0xb4 <__bad_interrupt>
  78:	0c 94 5a 00 	jmp	0xb4	; 0xb4 <__bad_interrupt>
  7c:	0c 94 5a 00 	jmp	0xb4	; 0xb4 <__bad_interrupt>
  80:	0c 94 5a 00 	jmp	0xb4	; 0xb4 <__bad_interrupt>
  84:	0c 94 5a 00 	jmp	0xb4	; 0xb4 <__bad_interrupt>
  88:	0c 94 5a 00 	jmp	0xb4	; 0xb4 <__bad_interrupt>
  8c:	0c 94 5a 00 	jmp	0xb4	; 0xb4 <__bad_interrupt>
  90:	0c 94 5a 00 	jmp	0xb4	; 0xb4 <__bad_interrupt>
  94:	0c 94 5a 00 	jmp	0xb4	; 0xb4 <__bad_interrupt>
  98:	0c 94 5a 00 	jmp	0xb4	; 0xb4 <__bad_interrupt>
  9c:	0c 94 5a 00 	jmp	0xb4	; 0xb4 <__bad_interrupt>

000000a0 <__ctors_end>:
  a0:	11 24       	eor	r1, r1
  a2:	1f be       	out	0x3f, r1	; 63
  a4:	cf ef       	ldi	r28, 0xFF	; 255
  a6:	cd bf       	out	0x3d, r28	; 61
  a8:	df e3       	ldi	r29, 0x3F	; 63
  aa:	de bf       	out	0x3e, r29	; 62
  ac:	0e 94 71 00 	call	0xe2	; 0xe2 <main>
  b0:	0c 94 c5 00 	jmp	0x18a	; 0x18a <_exit>

000000b4 <__bad_interrupt>:
  b4:	0c 94 00 00 	jmp	0	; 0x0 <__vectors>

000000b8 <__vector_22>:
  b8:	8f 93       	push	r24
  ba:	8f b7       	in	r24, 0x3f	; 63
  bc:	8f 93       	push	r24
  be:	9f 93       	push	r25
  c0:	80 91 10 06 	lds	r24, 0x0610	; 0x800610 <__TEXT_REGION_LENGTH__+0x7f4610>
  c4:	90 91 11 06 	lds	r25, 0x0611	; 0x800611 <__TEXT_REGION_LENGTH__+0x7f4611>
  c8:	96 95       	lsr	r25
  ca:	87 95       	ror	r24
  cc:	96 95       	lsr	r25
  ce:	87 95       	ror	r24
  d0:	80 93 28 0a 	sts	0x0A28, r24	; 0x800a28 <__TEXT_REGION_LENGTH__+0x7f4a28>
  d4:	90 93 29 0a 	sts	0x0A29, r25	; 0x800a29 <__TEXT_REGION_LENGTH__+0x7f4a29>
  d8:	9f 91       	pop	r25
  da:	8f 91       	pop	r24
  dc:	8f bf       	out	0x3f, r24	; 63
  de:	8f 91       	pop	r24
  e0:	18 95       	reti

000000e2 <main>:
  e2:	00 d0       	rcall	.+0      	; 0xe4 <L0^A>

000000e4 <L0^A>:
  e4:	00 d0       	rcall	.+0      	; 0xe6 <L0^A>

000000e6 <L0^A>:
  e6:	cd b7       	in	r28, 0x3d	; 61
  e8:	de b7       	in	r29, 0x3e	; 62
  ea:	80 91 20 04 	lds	r24, 0x0420	; 0x800420 <__TEXT_REGION_LENGTH__+0x7f4420>
  ee:	81 60       	ori	r24, 0x01	; 1
  f0:	80 93 20 04 	sts	0x0420, r24	; 0x800420 <__TEXT_REGION_LENGTH__+0x7f4420>
  f4:	80 91 40 04 	lds	r24, 0x0440	; 0x800440 <__TEXT_REGION_LENGTH__+0x7f4440>
  f8:	81 60       	ori	r24, 0x01	; 1
  fa:	80 93 40 04 	sts	0x0440, r24	; 0x800440 <__TEXT_REGION_LENGTH__+0x7f4440>
  fe:	81 e0       	ldi	r24, 0x01	; 1
 100:	80 93 e4 05 	sts	0x05E4, r24	; 0x8005e4 <__TEXT_REGION_LENGTH__+0x7f45e4>
 104:	2f ef       	ldi	r18, 0xFF	; 255
 106:	30 e0       	ldi	r19, 0x00	; 0
 108:	20 93 26 0a 	sts	0x0A26, r18	; 0x800a26 <__TEXT_REGION_LENGTH__+0x7f4a26>
 10c:	30 93 27 0a 	sts	0x0A27, r19	; 0x800a27 <__TEXT_REGION_LENGTH__+0x7f4a27>
 110:	20 e8       	ldi	r18, 0x80	; 128
 112:	30 e0       	ldi	r19, 0x00	; 0
 114:	20 93 28 0a 	sts	0x0A28, r18	; 0x800a28 <__TEXT_REGION_LENGTH__+0x7f4a28>
 118:	30 93 29 0a 	sts	0x0A29, r19	; 0x800a29 <__TEXT_REGION_LENGTH__+0x7f4a29>
 11c:	93 e1       	ldi	r25, 0x13	; 19
 11e:	90 93 01 0a 	sts	0x0A01, r25	; 0x800a01 <__TEXT_REGION_LENGTH__+0x7f4a01>
 122:	80 93 00 0a 	sts	0x0A00, r24	; 0x800a00 <__TEXT_REGION_LENGTH__+0x7f4a00>
 126:	90 e8       	ldi	r25, 0x80	; 128
 128:	90 93 90 01 	sts	0x0190, r25	; 0x800190 <__TEXT_REGION_LENGTH__+0x7f4190>
 12c:	80 93 a8 01 	sts	0x01A8, r24	; 0x8001a8 <__TEXT_REGION_LENGTH__+0x7f41a8>
 130:	80 93 00 06 	sts	0x0600, r24	; 0x800600 <__TEXT_REGION_LENGTH__+0x7f4600>
 134:	92 e0       	ldi	r25, 0x02	; 2
 136:	90 93 01 06 	sts	0x0601, r25	; 0x800601 <__TEXT_REGION_LENGTH__+0x7f4601>
 13a:	90 e1       	ldi	r25, 0x10	; 16
 13c:	90 93 02 06 	sts	0x0602, r25	; 0x800602 <__TEXT_REGION_LENGTH__+0x7f4602>
 140:	10 92 06 06 	sts	0x0606, r1	; 0x800606 <__TEXT_REGION_LENGTH__+0x7f4606>
 144:	80 93 09 06 	sts	0x0609, r24	; 0x800609 <__TEXT_REGION_LENGTH__+0x7f4609>
 148:	80 93 0a 06 	sts	0x060A, r24	; 0x80060a <__TEXT_REGION_LENGTH__+0x7f460a>
 14c:	80 93 08 06 	sts	0x0608, r24	; 0x800608 <__TEXT_REGION_LENGTH__+0x7f4608>
 150:	78 94       	sei
 152:	21 e0       	ldi	r18, 0x01	; 1

00000154 <.L4>:
 154:	20 93 47 04 	sts	0x0447, r18	; 0x800447 <__TEXT_REGION_LENGTH__+0x7f4447>
 158:	19 82       	std	Y+1, r1	; 0x01
 15a:	1a 82       	std	Y+2, r1	; 0x02
 15c:	1b 82       	std	Y+3, r1	; 0x03
 15e:	1c 82       	std	Y+4, r1	; 0x04

00000160 <.L2>:
 160:	89 81       	ldd	r24, Y+1	; 0x01
 162:	9a 81       	ldd	r25, Y+2	; 0x02
 164:	ab 81       	ldd	r26, Y+3	; 0x03
 166:	bc 81       	ldd	r27, Y+4	; 0x04
 168:	80 36       	cpi	r24, 0x60	; 96
 16a:	9a 4e       	sbci	r25, 0xEA	; 234
 16c:	a1 05       	cpc	r26, r1
 16e:	b1 05       	cpc	r27, r1
 170:	88 f7       	brcc	.-30     	; 0x154 <.L4>
 172:	89 81       	ldd	r24, Y+1	; 0x01
 174:	9a 81       	ldd	r25, Y+2	; 0x02
 176:	ab 81       	ldd	r26, Y+3	; 0x03
 178:	bc 81       	ldd	r27, Y+4	; 0x04
 17a:	01 96       	adiw	r24, 0x01	; 1
 17c:	a1 1d       	adc	r26, r1
 17e:	b1 1d       	adc	r27, r1
 180:	89 83       	std	Y+1, r24	; 0x01
 182:	9a 83       	std	Y+2, r25	; 0x02
 184:	ab 83       	std	Y+3, r26	; 0x03
 186:	bc 83       	std	Y+4, r27	; 0x04
 188:	eb cf       	rjmp	.-42     	; 0x160 <.L2>

0000018a <_exit>:
 18a:	f8 94       	cli

0000018c <__stop_program>:
 18c:	ff cf       	rjmp	.-2      	; 0x18c <__stop_program>
